TN:
SF:src/core/config-store.ts
FNF:2
FNH:2
DA:10,65
DA:11,36
DA:20,19
DA:21,9
DA:22,48
DA:23,35
DA:24,60
DA:25,9
DA:28,10
DA:38,27
DA:39,52
DA:40,47
DA:41,45
LF:13
LH:13
end_of_record
TN:
SF:src/core/config.ts
FNF:25
FNH:15
DA:23,36
DA:24,37
DA:25,39
DA:26,68
DA:27,50
DA:28,77
DA:33,32
DA:34,26
DA:35,28
DA:36,21
DA:37,23
DA:38,34
DA:39,19
DA:40,21
DA:41,25
DA:42,18
DA:43,36
DA:44,29
DA:45,26
DA:46,19
DA:47,23
DA:48,22
DA:49,20
DA:50,22
DA:51,19
DA:52,24
DA:53,23
DA:54,27
DA:55,27
DA:56,27
DA:57,31
DA:58,28
DA:59,32
DA:60,34
DA:61,23
DA:62,31
DA:63,31
DA:64,27
DA:65,34
DA:66,37
DA:67,32
DA:68,40
DA:69,41
DA:70,21
DA:71,12
DA:72,2
DA:79,18
DA:80,28
DA:81,30
DA:82,72
DA:83,2
DA:84,6
DA:88,18
DA:89,28
DA:90,30
DA:91,65
DA:92,46
DA:93,0
DA:94,0
DA:95,2
DA:96,2
DA:97,6
DA:101,18
DA:102,28
DA:103,30
DA:104,40
DA:105,39
DA:106,53
DA:107,45
DA:108,63
DA:109,0
DA:110,2
DA:111,2
DA:112,7
DA:128,53
DA:129,23
DA:130,33
DA:131,26
DA:132,77
DA:133,3
DA:136,0
DA:137,1
DA:146,83
DA:148,95
DA:150,92
DA:156,94
DA:157,93
DA:159,94
DA:166,83
DA:167,56
DA:170,22
DA:171,68
DA:172,2
DA:173,13
DA:174,23
DA:175,70
DA:176,2
DA:177,13
DA:178,18
DA:179,60
DA:180,2
DA:181,13
DA:182,17
DA:183,58
DA:184,16
DA:185,1
DA:188,99
DA:189,95
DA:190,79
DA:191,76
DA:192,85
DA:193,108
DA:194,58
DA:195,18
DA:196,19
DA:197,14
DA:198,15
DA:199,9
DA:200,17
DA:201,3
DA:202,60
DA:203,20
DA:204,21
DA:205,16
DA:206,17
DA:207,11
DA:208,19
DA:209,3
DA:210,48
DA:211,13
DA:212,14
DA:213,9
DA:214,19
DA:215,3
DA:216,50
DA:217,15
DA:218,16
DA:219,11
DA:220,21
DA:221,3
DA:222,60
DA:223,25
DA:224,27
DA:225,17
DA:226,19
DA:227,21
DA:228,22
DA:229,32
DA:230,3
DA:231,52
DA:232,15
DA:233,16
DA:234,18
DA:235,20
DA:236,27
DA:237,21
DA:238,3
DA:239,52
DA:240,15
DA:241,16
DA:242,18
DA:243,20
DA:244,25
DA:245,3
DA:246,52
DA:247,15
DA:248,16
DA:249,18
DA:250,20
DA:251,25
DA:252,3
DA:253,56
DA:254,19
DA:255,20
DA:256,22
DA:257,24
DA:258,31
DA:259,25
DA:260,3
DA:261,53
DA:262,16
DA:263,17
DA:264,19
DA:265,21
DA:266,26
DA:267,3
DA:268,50
DA:269,15
DA:270,16
DA:271,21
DA:272,3
DA:278,39
DA:281,22
DA:282,62
DA:283,62
DA:284,26
DA:285,0
DA:286,2
DA:289,61
DA:290,65
DA:291,59
DA:292,81
DA:293,51
DA:305,46
DA:306,21
DA:307,32
DA:308,30
DA:309,25
DA:310,23
DA:311,23
DA:312,2
DA:313,3
DA:316,0
DA:317,1
DA:330,45
DA:331,15
DA:332,37
DA:333,35
DA:334,30
DA:335,28
DA:336,23
DA:337,11
DA:338,17
DA:339,39
DA:340,37
DA:341,32
DA:342,30
DA:343,25
DA:344,5
DA:345,10
DA:346,32
DA:347,30
DA:348,18
DA:349,5
DA:350,12
DA:351,34
DA:352,32
DA:353,20
DA:354,5
DA:355,22
DA:356,45
DA:357,43
DA:358,30
DA:359,3
DA:360,3
DA:363,11
DA:364,23
DA:368,58
DA:371,62
DA:374,48
DA:377,52
DA:380,73
DA:393,52
DA:394,20
DA:395,36
DA:396,34
DA:397,29
DA:398,27
DA:399,11
DA:400,2
DA:401,4
DA:402,30
DA:403,47
DA:404,45
DA:405,40
DA:406,38
DA:407,5
DA:408,2
DA:409,2
DA:410,3
DA:413,0
DA:414,1
DA:421,38
DA:424,17
DA:425,46
DA:426,43
DA:427,0
DA:428,0
DA:429,0
DA:430,0
DA:431,0
DA:432,0
DA:433,0
DA:434,0
DA:435,0
DA:436,2
DA:437,6
DA:441,21
DA:442,29
DA:443,0
DA:444,1
DA:451,73
DA:452,48
DA:453,42
DA:454,86
DA:455,58
DA:456,50
DA:457,48
DA:469,49
DA:470,46
DA:471,65
DA:472,69
DA:473,9
DA:474,20
DA:475,35
DA:476,34
DA:477,24
DA:478,8
DA:479,19
DA:480,34
DA:481,33
DA:482,22
DA:483,3
DA:486,0
DA:487,1
DA:502,108
DA:503,190
DA:504,104
DA:505,190
DA:506,88
DA:507,100
DA:510,48
DA:511,12
DA:512,38
DA:513,36
DA:514,23
DA:515,5
DA:516,21
DA:517,38
DA:518,37
DA:519,42
DA:520,2
DA:521,4
DA:522,21
DA:523,38
DA:524,37
DA:525,53
DA:526,2
DA:527,4
DA:528,16
DA:529,38
DA:530,42
DA:531,36
DA:532,40
DA:533,27
DA:534,5
DA:535,14
DA:536,39
DA:537,37
DA:538,24
DA:539,17
DA:540,16
DA:541,72
DA:542,61
DA:543,55
DA:544,3
DA:547,0
DA:548,1
DA:564,117
DA:565,124
DA:566,133
DA:569,53
DA:570,9
DA:571,29
DA:572,77
DA:573,53
DA:574,11
DA:575,31
DA:576,80
DA:577,56
DA:578,21
DA:579,27
DA:580,83
DA:581,59
DA:582,14
DA:583,83
DA:584,43
DA:585,5
DA:586,15
DA:587,100
DA:588,52
DA:589,3
DA:590,3
DA:593,0
DA:594,1
DA:598,58
DA:600,58
DA:601,21
DA:602,24
DA:603,29
DA:604,3
DA:605,60
DA:606,22
DA:607,24
DA:608,29
DA:609,3
DA:618,24
DA:619,126
DA:620,29
DA:621,36
DA:624,54
DA:625,30
DA:626,47
DA:627,12
DA:628,129
DA:629,30
DA:630,39
DA:631,3
DA:634,0
DA:643,9
DA:644,50
DA:653,44
DA:654,94
DA:655,3
DA:658,11
DA:659,22
DA:667,15
DA:668,58
DA:669,49
DA:670,112
DA:674,17
DA:675,50
DA:676,53
DA:680,15
DA:681,41
DA:682,39
DA:686,17
DA:687,45
DA:688,43
DA:692,21
DA:693,59
DA:694,64
DA:704,17
DA:705,37
DA:707,52
DA:708,12
DA:709,46
DA:710,17
DA:711,2
DA:712,22
DA:713,17
DA:714,18
DA:715,20
DA:716,22
DA:717,29
DA:718,22
DA:719,4
DA:721,32
DA:722,18
DA:723,2
DA:725,14
DA:726,24
DA:727,2
DA:729,37
DA:730,19
DA:731,11
DA:732,22
DA:735,46
DA:737,39
DA:738,14
DA:739,44
DA:740,11
DA:741,46
DA:744,37
DA:758,50
DA:759,85
DA:760,28
DA:761,72
DA:762,2
DA:763,2
DA:764,3
DA:767,0
DA:768,1
DA:781,47
DA:782,13
DA:783,30
DA:784,28
DA:785,37
DA:786,35
DA:787,23
DA:788,3
DA:789,3
DA:792,0
DA:793,1
DA:810,47
DA:811,99
DA:812,95
DA:813,89
DA:814,19
DA:815,102
DA:816,2
DA:817,4
DA:818,83
DA:819,3
DA:822,0
LF:495
LH:471
end_of_record
TN:
SF:src/core/env.ts
FNF:1
FNH:1
DA:9,39
DA:10,33
DA:24,15
DA:25,46
DA:26,14
DA:27,9
DA:28,44
DA:29,11
DA:30,9
DA:32,0
DA:33,0
DA:34,0
DA:35,0
DA:36,0
DA:37,0
DA:38,0
DA:39,0
DA:40,0
DA:41,0
DA:43,0
DA:44,0
DA:45,0
DA:46,0
DA:47,0
DA:48,0
LF:25
LH:9
end_of_record
TN:
SF:src/db.ts
FNF:1
FNH:1
DA:11,57
DA:12,54
DA:13,203
DA:22,373
DA:40,151
DA:48,171
DA:55,148
DA:65,152
DA:72,70
DA:73,363
DA:92,125
DA:98,319
DA:110,143
LF:13
LH:13
end_of_record
TN:
SF:src/db/chat-branches.ts
FNF:12
FNH:0
DA:8,40
DA:10,44
DA:23,0
DA:24,0
DA:25,0
DA:26,0
DA:27,0
DA:28,0
DA:29,0
DA:30,0
DA:31,0
DA:32,0
DA:33,0
DA:34,0
DA:35,1
DA:38,0
DA:39,0
DA:40,0
DA:41,0
DA:42,0
DA:43,0
DA:47,0
DA:48,0
DA:49,0
DA:53,0
DA:54,0
DA:55,0
DA:56,0
DA:57,0
DA:58,0
DA:59,0
DA:60,0
DA:61,0
DA:62,0
DA:63,0
DA:64,0
DA:65,0
DA:66,0
DA:67,0
DA:68,0
DA:69,0
DA:70,0
DA:71,0
DA:72,0
DA:73,0
DA:74,0
DA:78,0
DA:79,0
DA:80,0
DA:81,0
DA:82,0
DA:83,0
DA:84,0
DA:85,0
DA:86,0
DA:87,0
DA:88,0
DA:89,1
DA:92,0
DA:93,0
DA:94,0
DA:95,0
DA:96,0
DA:97,0
DA:98,0
DA:99,1
DA:102,0
DA:103,0
DA:104,0
DA:105,0
DA:106,0
DA:107,0
DA:108,0
DA:109,0
DA:110,0
DA:111,0
DA:112,1
DA:115,0
DA:116,0
DA:117,0
DA:118,0
DA:119,0
DA:120,0
DA:121,0
DA:122,0
DA:123,0
DA:124,0
DA:125,0
DA:126,0
DA:127,0
DA:128,0
DA:129,0
DA:130,0
DA:131,0
DA:132,0
DA:133,0
DA:134,0
DA:135,0
DA:136,1
DA:139,0
DA:140,0
DA:141,0
DA:142,0
DA:143,0
DA:144,0
DA:145,0
DA:146,0
DA:147,0
DA:148,0
DA:149,0
DA:150,0
DA:151,0
DA:152,0
DA:153,0
DA:154,0
DA:155,0
DA:156,0
DA:157,0
DA:158,0
DA:159,0
DA:160,0
DA:161,0
DA:162,0
DA:163,0
DA:164,0
DA:165,0
DA:166,0
DA:167,0
DA:168,0
DA:169,0
DA:170,0
DA:171,0
DA:172,0
DA:173,0
DA:174,0
DA:175,0
DA:176,0
DA:177,0
DA:178,0
DA:179,0
DA:180,0
DA:181,0
DA:182,0
DA:183,0
DA:184,0
DA:185,0
DA:186,0
DA:187,0
DA:188,0
DA:189,0
DA:190,0
DA:191,1
DA:194,0
DA:195,0
DA:196,0
DA:197,0
DA:198,0
DA:199,0
DA:200,0
DA:201,0
DA:202,0
DA:203,0
DA:204,0
DA:205,0
DA:206,0
DA:207,0
DA:208,0
DA:209,0
DA:210,0
DA:211,0
DA:212,0
DA:213,0
DA:214,0
DA:215,0
DA:216,0
DA:217,0
DA:218,0
DA:219,0
DA:220,0
DA:221,0
DA:222,0
DA:223,1
DA:226,0
DA:227,0
DA:228,0
DA:229,0
DA:230,0
DA:231,0
DA:232,0
DA:233,0
DA:234,0
DA:235,0
DA:236,0
DA:237,0
DA:238,0
DA:239,0
DA:240,0
DA:241,0
DA:242,0
DA:243,0
DA:244,0
DA:245,0
DA:246,0
DA:247,0
DA:248,1
DA:251,0
DA:252,0
DA:253,0
DA:254,0
DA:255,0
DA:256,0
DA:257,0
DA:258,0
DA:259,0
DA:260,0
DA:261,0
DA:262,0
DA:263,0
DA:264,0
DA:265,0
DA:266,0
DA:267,0
DA:268,0
DA:269,0
DA:270,0
DA:271,0
DA:272,0
DA:273,0
DA:274,0
DA:275,0
DA:276,0
DA:277,0
DA:278,0
DA:279,0
LF:234
LH:10
end_of_record
TN:
SF:src/db/chat-cursors.ts
FNF:17
FNH:0
DA:36,40
DA:79,0
DA:80,0
DA:81,0
DA:82,0
DA:83,0
DA:84,1
DA:88,0
DA:89,0
DA:90,0
DA:91,0
DA:92,0
DA:93,0
DA:94,0
DA:95,1
DA:102,0
DA:103,0
DA:104,0
DA:105,0
DA:106,0
DA:110,0
DA:111,0
DA:112,0
DA:113,0
DA:114,0
DA:115,0
DA:116,0
DA:117,0
DA:118,0
DA:119,0
DA:120,0
DA:121,0
DA:122,0
DA:123,0
DA:124,0
DA:125,1
DA:129,0
DA:130,0
DA:131,0
DA:132,0
DA:133,0
DA:134,0
DA:135,0
DA:136,0
DA:137,0
DA:138,0
DA:139,0
DA:140,0
DA:141,0
DA:142,1
DA:147,0
DA:148,0
DA:149,0
DA:150,0
DA:151,0
DA:152,0
DA:153,0
DA:154,0
DA:155,0
DA:156,0
DA:157,0
DA:158,0
DA:159,0
DA:160,0
DA:161,0
DA:162,0
DA:163,0
DA:164,1
DA:176,0
DA:177,0
DA:178,0
DA:179,0
DA:180,0
DA:181,1
DA:196,0
DA:197,0
DA:198,0
DA:199,0
DA:200,0
DA:201,0
DA:202,0
DA:203,0
DA:204,0
DA:205,0
DA:206,0
DA:207,0
DA:208,0
DA:209,0
DA:210,0
DA:211,1
DA:221,0
DA:222,0
DA:223,0
DA:224,0
DA:225,0
DA:226,0
DA:227,0
DA:228,0
DA:229,0
DA:230,0
DA:231,0
DA:232,0
DA:233,0
DA:234,1
DA:244,0
DA:245,0
DA:246,0
DA:247,0
DA:248,0
DA:249,0
DA:250,0
DA:251,0
DA:252,0
DA:253,0
DA:254,0
DA:255,0
DA:256,0
DA:257,0
DA:258,0
DA:259,0
DA:260,0
DA:261,0
DA:262,0
DA:263,0
DA:264,1
DA:272,0
DA:273,0
DA:274,0
DA:275,0
DA:276,0
DA:277,0
DA:278,0
DA:279,0
DA:280,0
DA:281,0
DA:282,0
DA:283,0
DA:284,0
DA:285,0
DA:286,0
DA:287,0
DA:288,0
DA:289,0
DA:290,0
DA:291,0
DA:292,0
DA:293,0
DA:294,0
DA:295,0
DA:296,1
DA:304,0
DA:305,0
DA:306,0
DA:307,0
DA:308,0
DA:309,0
DA:310,0
DA:311,0
DA:312,0
DA:313,0
DA:314,1
DA:322,0
DA:323,0
DA:324,0
DA:325,0
DA:326,0
DA:327,0
DA:328,0
DA:329,0
DA:330,0
DA:331,0
DA:332,0
DA:333,0
DA:334,0
DA:335,0
DA:336,0
DA:337,0
DA:338,0
DA:339,0
DA:340,0
DA:341,1
DA:349,0
DA:350,0
DA:351,0
DA:352,0
DA:353,0
DA:354,0
DA:355,0
DA:356,0
DA:357,0
DA:358,0
DA:359,0
DA:360,0
DA:361,0
DA:362,0
DA:363,0
DA:364,0
DA:365,0
DA:366,0
DA:367,0
DA:368,0
DA:369,0
DA:370,0
DA:371,0
DA:372,0
DA:373,0
DA:374,0
DA:375,0
DA:376,0
DA:377,0
DA:378,0
DA:379,0
DA:380,0
DA:381,1
DA:389,0
DA:390,0
DA:391,0
DA:392,0
DA:393,0
DA:394,0
DA:395,0
DA:396,0
DA:397,1
DA:409,0
DA:410,0
DA:411,0
DA:412,0
DA:413,0
DA:414,0
DA:415,0
DA:416,0
DA:417,0
DA:418,0
DA:419,0
DA:420,0
DA:421,0
DA:422,1
DA:430,0
LF:238
LH:16
end_of_record
TN:
SF:src/db/connection.ts
FNF:20
FNH:18
DA:19,34
DA:20,25
DA:21,29
DA:23,46
DA:24,50
DA:26,42
DA:29,14
DA:30,18
DA:31,22
DA:53,14
DA:54,13326
DA:397,3
DA:406,14
DA:407,72
DA:408,57
DA:409,50
DA:410,34
DA:411,0
DA:412,0
DA:413,3
DA:417,33
DA:418,32
DA:419,39
DA:420,63
DA:421,58
DA:428,14
DA:429,60
DA:430,73
DA:431,22
DA:432,77
DA:433,43
DA:440,14
DA:441,79
DA:442,57
DA:443,41
DA:444,34
DA:445,0
DA:446,0
DA:447,3
DA:452,32
DA:453,52
DA:454,34
DA:455,30
DA:456,40
DA:459,14
DA:460,76
DA:461,57
DA:462,33
DA:463,0
DA:464,0
DA:465,0
DA:468,1
DA:471,14
DA:472,34
DA:473,79
DA:474,10
DA:475,47
DA:476,93
DA:478,29
DA:479,0
DA:480,0
DA:481,0
DA:482,0
DA:483,0
DA:484,0
DA:485,0
DA:486,0
DA:487,0
DA:488,0
DA:489,0
DA:490,0
DA:491,0
DA:492,0
DA:493,0
DA:494,0
DA:495,0
DA:496,0
DA:497,0
DA:498,0
DA:499,0
DA:501,0
DA:502,2
DA:504,451
DA:511,3
DA:520,14
DA:521,21
DA:522,58
DA:523,16
DA:524,4
DA:525,19
DA:526,31
DA:527,26
DA:528,34
DA:529,38
DA:530,34
DA:531,35
DA:532,4
DA:533,37
DA:534,19
DA:535,0
DA:536,0
DA:537,0
DA:540,2
DA:541,1
DA:551,14
DA:552,14
DA:553,65
DA:554,4
DA:555,19
DA:557,21
DA:558,56
DA:559,34
DA:560,18
DA:562,0
DA:563,0
DA:564,0
DA:565,0
DA:566,0
DA:567,0
DA:568,0
DA:569,0
DA:570,0
DA:572,0
DA:573,0
DA:574,0
DA:575,0
DA:576,0
DA:577,1
DA:587,11
DA:588,18
DA:589,43
DA:590,46
DA:591,42
DA:592,38
DA:593,40
DA:595,20
DA:596,90
DA:597,11
DA:598,36
DA:599,18
DA:600,13
DA:602,20
DA:604,2
DA:606,16
DA:607,14
DA:608,13
DA:609,17
DA:610,0
DA:611,0
DA:612,0
DA:613,0
DA:614,4
DA:616,4
DA:618,21
DA:619,34
DA:620,0
DA:621,0
DA:622,4
DA:624,22
DA:625,27
DA:626,46
DA:627,38
DA:628,21
DA:629,21
DA:630,27
DA:631,5
DA:632,2
DA:634,8
DA:635,0
DA:636,0
DA:637,2
DA:639,53
DA:640,41
DA:641,40
DA:642,19
DA:643,34
DA:644,27
DA:645,33
DA:646,30
DA:647,16
DA:648,36
DA:649,25
DA:650,31
DA:658,14
DA:659,74
DA:660,56
DA:661,1
DA:670,11
DA:671,8
DA:672,0
DA:673,2
DA:674,9
LF:192
LH:137
end_of_record
TN:
SF:src/db/link-preview-image-cache.ts
FNF:4
FNH:0
DA:8,40
DA:9,53
DA:19,0
DA:20,0
DA:21,0
DA:22,0
DA:23,0
DA:24,0
DA:25,0
DA:26,0
DA:27,1
DA:30,0
DA:31,0
DA:32,0
DA:33,0
DA:34,0
DA:35,0
DA:36,0
DA:37,0
DA:38,0
DA:39,0
DA:40,0
DA:41,0
DA:42,0
DA:43,0
DA:44,0
DA:45,0
DA:46,0
DA:47,0
DA:48,0
DA:49,1
DA:52,0
DA:53,0
DA:54,0
DA:55,0
DA:56,0
DA:57,1
DA:60,0
DA:61,0
DA:62,0
DA:63,0
DA:64,0
DA:65,0
DA:66,0
DA:67,0
DA:68,0
DA:69,0
DA:70,0
DA:71,0
DA:72,0
DA:73,0
DA:74,0
DA:75,0
DA:76,0
DA:77,0
DA:78,0
DA:79,0
DA:80,0
DA:81,0
LF:59
LH:5
end_of_record
TN:
SF:src/db/media.ts
FNF:10
FNH:0
DA:17,40
DA:24,0
DA:25,0
DA:26,0
DA:27,0
DA:28,0
DA:29,0
DA:30,0
DA:31,0
DA:32,0
DA:33,0
DA:34,1
DA:41,0
DA:42,0
DA:43,0
DA:44,0
DA:45,0
DA:46,1
DA:53,0
DA:54,0
DA:55,0
DA:56,0
DA:57,0
DA:58,0
DA:59,0
DA:60,1
DA:68,0
DA:69,0
DA:70,0
DA:71,0
DA:72,0
DA:73,0
DA:74,0
DA:75,1
DA:82,0
DA:83,0
DA:84,0
DA:85,0
DA:86,0
DA:87,0
DA:88,0
DA:89,0
DA:90,0
DA:91,0
DA:92,0
DA:93,0
DA:94,0
DA:95,0
DA:96,1
DA:103,0
DA:104,0
DA:105,0
DA:106,0
DA:107,0
DA:108,0
DA:109,0
DA:110,0
DA:111,0
DA:112,0
DA:113,0
DA:114,0
DA:115,0
DA:116,0
DA:117,0
DA:118,0
DA:119,0
DA:120,0
DA:121,0
DA:122,0
DA:123,0
DA:124,0
DA:125,1
DA:133,0
DA:134,0
DA:135,0
DA:136,0
DA:137,0
DA:138,0
DA:139,0
DA:140,0
DA:141,0
DA:142,0
DA:143,0
DA:144,0
DA:145,0
DA:146,0
DA:147,0
DA:148,0
DA:149,0
DA:150,0
DA:151,1
DA:157,38
DA:158,18
DA:159,18
DA:160,15
DA:161,14
DA:162,13
DA:163,13
DA:164,20
DA:165,19
DA:166,2
DA:168,0
DA:173,0
DA:174,0
DA:175,0
DA:176,0
DA:177,0
DA:185,0
DA:186,0
DA:187,0
DA:188,0
DA:189,0
DA:190,0
DA:191,0
DA:192,0
DA:193,0
DA:194,0
DA:195,0
DA:196,0
DA:197,0
DA:198,0
DA:199,0
DA:200,0
DA:201,0
DA:202,0
DA:203,0
DA:204,0
DA:205,0
DA:206,0
DA:207,0
DA:208,0
DA:209,0
DA:210,0
DA:211,0
DA:212,0
DA:213,0
DA:214,0
DA:215,0
DA:216,0
DA:217,0
DA:218,0
DA:219,0
DA:220,0
DA:221,0
DA:222,0
DA:223,0
DA:224,0
DA:225,0
DA:226,0
DA:227,0
DA:228,0
DA:229,0
DA:230,0
DA:231,0
DA:232,0
DA:233,0
DA:234,0
DA:235,0
DA:236,0
DA:237,0
DA:238,0
DA:239,0
DA:240,0
LF:163
LH:18
end_of_record
TN:
SF:src/db/messages.ts
FNF:20
FNH:0
DA:20,40
DA:21,54
DA:22,51
DA:25,125
DA:50,140
DA:52,0
DA:53,0
DA:54,0
DA:55,0
DA:56,0
DA:57,0
DA:58,0
DA:59,0
DA:60,0
DA:61,0
DA:62,0
DA:63,0
DA:64,0
DA:69,0
DA:70,0
DA:71,0
DA:72,0
DA:73,0
DA:74,0
DA:84,0
DA:85,0
DA:86,0
DA:87,0
DA:88,0
DA:89,0
DA:90,0
DA:91,0
DA:92,0
DA:93,0
DA:94,0
DA:95,0
DA:96,0
DA:97,0
DA:98,0
DA:99,0
DA:100,0
DA:101,0
DA:102,0
DA:103,1
DA:111,0
DA:112,0
DA:113,0
DA:114,0
DA:115,0
DA:116,0
DA:117,0
DA:118,0
DA:119,0
DA:120,0
DA:121,0
DA:122,0
DA:123,0
DA:124,0
DA:125,0
DA:126,0
DA:127,0
DA:128,0
DA:129,0
DA:130,1
DA:138,0
DA:139,0
DA:140,0
DA:141,0
DA:142,0
DA:143,0
DA:144,0
DA:145,0
DA:146,0
DA:147,0
DA:148,0
DA:149,0
DA:150,0
DA:151,0
DA:152,0
DA:153,0
DA:154,0
DA:155,0
DA:156,0
DA:157,0
DA:158,0
DA:159,0
DA:160,0
DA:161,0
DA:162,0
DA:163,0
DA:164,0
DA:165,0
DA:166,0
DA:167,0
DA:168,0
DA:169,1
DA:176,0
DA:177,0
DA:178,0
DA:179,0
DA:180,0
DA:181,1
DA:188,0
DA:189,0
DA:190,0
DA:191,0
DA:192,0
DA:193,0
DA:194,1
DA:201,0
DA:202,0
DA:203,0
DA:204,0
DA:205,0
DA:206,0
DA:207,0
DA:208,0
DA:209,0
DA:210,1
DA:217,0
DA:218,0
DA:219,0
DA:220,0
DA:221,0
DA:222,0
DA:223,0
DA:224,0
DA:225,0
DA:226,0
DA:227,1
DA:235,0
DA:236,0
DA:237,0
DA:238,0
DA:239,0
DA:240,0
DA:241,0
DA:242,0
DA:243,0
DA:244,0
DA:245,0
DA:246,0
DA:247,0
DA:248,0
DA:249,0
DA:250,0
DA:251,0
DA:252,0
DA:253,0
DA:254,0
DA:255,0
DA:256,0
DA:257,0
DA:258,0
DA:259,0
DA:260,0
DA:261,0
DA:262,0
DA:263,0
DA:264,0
DA:265,1
DA:272,0
DA:273,0
DA:274,0
DA:275,0
DA:276,0
DA:277,0
DA:278,0
DA:279,0
DA:280,1
DA:287,0
DA:288,0
DA:289,0
DA:290,0
DA:291,0
DA:292,0
DA:293,0
DA:294,0
DA:295,0
DA:296,0
DA:297,0
DA:298,0
DA:299,0
DA:300,0
DA:301,1
DA:309,0
DA:310,0
DA:311,0
DA:312,0
DA:313,0
DA:314,0
DA:315,0
DA:316,0
DA:317,0
DA:318,0
DA:319,0
DA:320,0
DA:321,0
DA:322,0
DA:323,0
DA:324,0
DA:325,0
DA:326,0
DA:327,0
DA:328,0
DA:329,0
DA:330,0
DA:331,0
DA:332,0
DA:333,0
DA:334,0
DA:335,0
DA:336,0
DA:337,1
DA:341,0
DA:342,0
DA:343,0
DA:344,0
DA:345,0
DA:346,1
DA:353,0
DA:354,0
DA:355,0
DA:356,0
DA:357,0
DA:358,0
DA:359,0
DA:360,0
DA:361,0
DA:372,0
DA:373,0
DA:374,0
DA:375,0
DA:376,0
DA:377,0
DA:378,0
DA:379,0
DA:380,0
DA:381,0
DA:382,0
DA:383,0
DA:384,0
DA:385,0
DA:386,0
DA:387,0
DA:388,0
DA:389,0
DA:390,0
DA:391,0
DA:392,0
DA:393,0
DA:394,0
DA:395,0
DA:396,0
DA:397,0
DA:398,0
DA:399,0
DA:400,0
DA:401,0
DA:402,0
DA:403,0
DA:404,0
DA:405,0
DA:406,0
DA:407,0
DA:408,0
DA:409,0
DA:410,0
DA:411,0
DA:412,0
DA:413,0
DA:414,0
DA:415,0
DA:416,0
DA:417,0
DA:418,0
DA:419,0
DA:420,1
DA:424,0
DA:425,1
DA:428,0
DA:429,1
DA:437,0
DA:438,0
DA:439,0
DA:440,0
DA:441,0
DA:442,0
DA:443,0
DA:444,0
DA:445,0
DA:446,0
DA:447,0
DA:448,0
DA:449,0
DA:450,0
DA:451,0
DA:452,0
DA:453,0
DA:454,0
DA:455,0
DA:456,0
DA:457,0
DA:458,0
DA:459,0
DA:460,0
DA:461,0
DA:462,1
DA:469,0
DA:470,0
DA:471,0
DA:472,0
DA:473,0
DA:474,0
DA:475,0
DA:476,0
DA:477,0
DA:478,0
DA:479,0
DA:480,0
DA:481,0
DA:482,0
LF:322
LH:21
end_of_record
TN:
SF:src/db/router-state.ts
FNF:3
FNH:0
DA:15,40
DA:18,0
DA:19,0
DA:20,0
DA:21,0
DA:22,0
DA:23,1
DA:27,0
DA:28,0
DA:29,1
DA:33,0
DA:34,0
LF:12
LH:3
end_of_record
TN:
SF:src/db/tasks.ts
FNF:8
FNH:0
DA:18,40
DA:26,0
DA:27,0
DA:28,0
DA:29,0
DA:30,0
DA:31,0
DA:32,0
DA:33,0
DA:34,0
DA:35,0
DA:36,0
DA:37,0
DA:38,0
DA:39,0
DA:40,0
DA:41,0
DA:42,0
DA:43,0
DA:44,0
DA:45,0
DA:46,0
DA:47,0
DA:48,1
DA:52,0
DA:53,0
DA:54,1
DA:61,0
DA:62,0
DA:63,0
DA:64,0
DA:65,0
DA:66,0
DA:67,0
DA:68,0
DA:69,0
DA:70,0
DA:71,0
DA:72,0
DA:73,0
DA:74,0
DA:75,0
DA:76,0
DA:77,0
DA:78,0
DA:79,0
DA:80,0
DA:81,0
DA:82,0
DA:83,0
DA:84,0
DA:85,0
DA:86,1
DA:93,0
DA:94,0
DA:95,0
DA:96,1
DA:103,0
DA:104,0
DA:105,0
DA:106,0
DA:107,0
DA:108,0
DA:109,0
DA:110,0
DA:111,0
DA:112,1
DA:119,0
DA:120,0
DA:121,0
DA:122,0
DA:123,0
DA:124,0
DA:125,0
DA:126,1
DA:130,0
DA:131,0
DA:132,0
DA:133,0
DA:134,0
DA:135,1
DA:139,0
DA:140,0
DA:141,0
DA:142,0
LF:85
LH:8
end_of_record
TN:
SF:src/db/token-usage.ts
FNF:5
FNH:0
DA:14,40
DA:77,0
DA:78,0
DA:79,0
DA:80,0
DA:81,0
DA:82,0
DA:83,0
DA:84,0
DA:85,0
DA:86,0
DA:87,0
DA:88,0
DA:89,0
DA:90,0
DA:91,0
DA:92,0
DA:93,0
DA:94,0
DA:95,0
DA:96,0
DA:97,0
DA:98,0
DA:99,0
DA:100,0
DA:101,0
DA:102,0
DA:103,0
DA:104,0
DA:105,0
DA:106,0
DA:107,0
DA:108,0
DA:109,0
DA:110,0
DA:111,0
DA:112,0
DA:113,0
DA:114,0
DA:118,0
DA:119,1
DA:123,0
DA:124,0
DA:125,0
DA:126,0
DA:127,0
DA:128,0
DA:129,0
DA:130,0
DA:131,0
DA:132,0
DA:133,0
DA:134,0
DA:135,0
DA:136,0
DA:137,0
DA:138,0
DA:139,0
DA:140,0
DA:141,0
DA:142,0
DA:143,0
DA:144,0
DA:145,0
DA:146,1
DA:150,0
DA:151,0
DA:152,0
DA:153,0
DA:154,0
DA:155,0
DA:156,0
DA:157,0
DA:158,0
DA:159,0
DA:160,0
DA:161,0
DA:162,0
DA:163,0
DA:164,0
DA:165,0
DA:166,0
DA:167,1
DA:171,0
DA:172,0
DA:173,0
DA:174,0
DA:175,0
DA:176,0
DA:177,0
DA:178,0
DA:179,0
DA:180,0
DA:181,0
DA:182,0
DA:183,0
DA:184,0
DA:185,0
DA:186,0
DA:187,0
LF:100
LH:4
end_of_record
TN:
SF:src/db/tool-outputs.ts
FNF:6
FNH:0
DA:21,40
DA:23,56
DA:26,0
DA:27,0
DA:28,0
DA:29,0
DA:30,0
DA:31,0
DA:32,0
DA:33,0
DA:34,0
DA:35,0
DA:36,0
DA:37,0
DA:38,0
DA:39,1
DA:46,0
DA:47,0
DA:48,0
DA:49,1
DA:53,0
DA:54,0
DA:55,1
DA:59,0
DA:60,0
DA:61,0
DA:62,1
DA:69,0
DA:70,0
DA:71,0
DA:72,0
DA:73,0
DA:74,0
DA:75,0
DA:76,0
DA:77,1
DA:85,0
DA:86,0
DA:87,0
DA:88,0
DA:89,0
DA:90,0
DA:91,0
DA:92,0
DA:93,0
DA:94,0
DA:95,0
DA:96,0
DA:97,0
DA:98,0
DA:99,0
DA:100,0
DA:101,0
DA:102,0
DA:103,0
DA:104,0
LF:56
LH:7
end_of_record
TN:
SF:src/db/web-content.ts
FNF:6
FNH:2
DA:22,53
DA:24,55
DA:27,38
DA:28,82
DA:29,42
DA:30,3
DA:33,42
DA:34,78
DA:35,41
DA:36,40
DA:37,3
DA:40,51
DA:43,0
DA:44,1
DA:51,0
DA:52,0
DA:53,0
DA:54,0
DA:55,1
DA:59,0
DA:60,1
DA:72,0
DA:73,0
DA:74,0
DA:75,0
DA:76,0
DA:77,0
DA:78,0
DA:79,0
DA:80,0
DA:81,0
DA:82,0
DA:83,0
DA:84,0
DA:85,0
DA:86,0
DA:87,0
DA:88,0
DA:89,0
DA:90,0
DA:91,0
DA:92,0
DA:93,0
DA:94,0
DA:95,0
DA:96,0
DA:97,0
DA:98,0
DA:99,0
DA:100,0
DA:101,0
LF:51
LH:15
end_of_record
TN:
SF:src/db/web-sessions.ts
FNF:5
FNH:0
DA:10,41
DA:11,40
DA:14,44
DA:26,0
DA:27,1
DA:31,0
DA:32,0
DA:33,0
DA:34,0
DA:35,0
DA:36,0
DA:37,0
DA:38,0
DA:39,0
DA:40,0
DA:41,0
DA:42,0
DA:43,0
DA:44,1
DA:48,0
DA:49,0
DA:50,0
DA:51,0
DA:52,0
DA:53,0
DA:54,0
DA:55,0
DA:56,0
DA:57,0
DA:58,0
DA:59,0
DA:60,0
DA:61,0
DA:62,0
DA:63,0
DA:64,0
DA:65,0
DA:66,0
DA:67,0
DA:68,0
DA:69,0
DA:70,0
DA:71,0
DA:72,0
DA:73,0
DA:74,0
DA:75,0
DA:76,0
DA:77,0
DA:78,0
DA:79,0
DA:80,0
DA:81,0
DA:82,0
DA:83,0
DA:84,0
DA:85,1
DA:89,0
DA:90,0
DA:91,0
DA:92,0
DA:93,1
DA:97,0
DA:98,0
DA:99,0
LF:65
LH:7
end_of_record
TN:
SF:src/db/webauthn.ts
FNF:10
FNH:0
DA:9,42
DA:10,40
DA:13,49
DA:37,0
DA:38,0
DA:39,0
DA:40,0
DA:41,0
DA:42,0
DA:43,0
DA:44,0
DA:45,1
DA:49,0
DA:50,0
DA:51,0
DA:52,0
DA:53,0
DA:54,0
DA:55,0
DA:56,0
DA:57,0
DA:58,0
DA:59,0
DA:60,1
DA:64,0
DA:65,0
DA:66,0
DA:67,0
DA:68,0
DA:69,0
DA:70,0
DA:71,0
DA:72,0
DA:73,0
DA:74,1
DA:78,0
DA:79,0
DA:80,0
DA:81,0
DA:82,0
DA:83,0
DA:84,0
DA:85,1
DA:89,0
DA:90,0
DA:91,0
DA:92,0
DA:93,0
DA:94,0
DA:95,0
DA:96,1
DA:100,0
DA:101,0
DA:102,0
DA:103,0
DA:104,0
DA:105,0
DA:106,0
DA:107,0
DA:108,1
DA:112,0
DA:113,0
DA:114,0
DA:115,0
DA:116,0
DA:117,0
DA:118,0
DA:119,1
DA:123,0
DA:124,0
DA:125,0
DA:126,0
DA:127,0
DA:128,0
DA:129,0
DA:130,0
DA:131,0
DA:132,0
DA:133,0
DA:134,0
DA:135,0
DA:136,0
DA:137,0
DA:138,0
DA:139,0
DA:140,0
DA:141,0
DA:142,0
DA:143,1
DA:147,0
DA:148,0
DA:149,0
DA:150,0
DA:151,1
DA:155,0
DA:156,0
LF:96
LH:12
end_of_record
TN:
SF:src/secure/keychain.ts
FNF:23
FNH:20
DA:25,39
DA:26,44
DA:28,32
DA:29,32
DA:31,36
DA:32,80
DA:33,33
DA:34,30
DA:35,22
DA:36,23
DA:38,31
DA:39,73
DA:75,6
DA:76,53
DA:77,55
DA:78,23
DA:79,0
DA:80,2
DA:81,12
DA:82,0
DA:83,2
DA:84,30
DA:87,28
DA:88,39
DA:89,1
DA:91,6
DA:92,44
DA:96,19
DA:97,78
DA:100,21
DA:101,40
DA:102,46
DA:103,7
DA:104,28
DA:105,10
DA:106,7
DA:107,13
DA:108,4
DA:109,31
DA:110,5
DA:111,19
DA:112,30
DA:113,15
DA:114,17
DA:115,3
DA:116,9
DA:117,5
DA:118,20
DA:119,13
DA:120,3
DA:121,7
DA:122,22
DA:123,1
DA:126,13
DA:127,35
DA:128,18
DA:129,0
DA:130,2
DA:131,55
DA:134,27
DA:135,66
DA:136,68
DA:137,55
DA:138,46
DA:139,89
DA:140,34
DA:141,89
DA:142,4
DA:143,80
DA:146,14
DA:147,79
DA:148,46
DA:149,46
DA:150,68
DA:151,5
DA:152,30
DA:153,4
DA:154,53
DA:158,15
DA:159,21
DA:160,51
DA:161,2
DA:162,23
DA:163,53
DA:164,2
DA:165,89
DA:166,21
DA:167,11
DA:168,455
DA:185,6
DA:186,12
DA:187,12
DA:188,33
DA:189,28
DA:190,27
DA:191,13
DA:192,21
DA:193,4
DA:197,14
DA:198,21
DA:199,15
DA:200,8
DA:201,114
DA:204,2
DA:205,12
DA:206,9
DA:207,0
DA:208,2
DA:209,30
DA:210,55
DA:211,2
DA:212,54
DA:213,94
DA:217,0
DA:218,0
DA:219,0
DA:220,0
DA:221,0
DA:222,0
DA:223,0
DA:224,0
DA:225,0
DA:226,1
DA:230,0
DA:231,0
DA:232,0
DA:236,11
DA:237,50
DA:238,50
DA:239,10
DA:240,0
DA:241,2
DA:242,50
DA:243,34
DA:244,2
DA:245,68
DA:246,0
DA:247,2
DA:248,56
DA:252,6
DA:253,4
DA:254,3
DA:255,22
DA:256,52
DA:257,41
DA:258,39
DA:259,0
DA:260,0
DA:261,4
DA:262,46
DA:263,51
DA:264,36
DA:265,29
DA:266,62
DA:267,0
DA:268,0
DA:269,0
DA:270,0
DA:271,0
DA:272,0
DA:273,1
DA:277,15
DA:278,47
DA:279,0
DA:280,2
DA:282,52
DA:283,21
DA:284,0
DA:285,2
DA:287,46
DA:288,31
DA:290,38
DA:291,52
DA:292,51
DA:293,36
DA:294,29
DA:295,62
DA:296,0
DA:297,0
DA:298,0
DA:299,0
DA:301,0
DA:303,0
LF:183
LH:149
end_of_record
TN:
SF:src/utils/fts-query.ts
FNF:3
FNH:0
DA:23,59
DA:29,40
DA:38,0
DA:39,0
DA:40,0
DA:41,0
DA:42,0
DA:43,0
DA:44,1
DA:59,0
DA:60,0
DA:61,0
DA:62,0
DA:63,0
DA:64,0
DA:65,0
DA:66,0
DA:67,0
DA:68,0
DA:69,0
DA:70,0
DA:71,0
DA:72,0
DA:73,0
DA:74,0
DA:75,0
DA:76,0
DA:77,0
DA:78,0
DA:79,1
DA:89,0
DA:90,0
DA:91,0
DA:92,0
LF:34
LH:4
end_of_record
TN:
SF:src/utils/ids.ts
FNF:3
FNH:0
DA:14,0
DA:15,0
DA:16,1
DA:20,0
DA:21,1
DA:25,0
DA:26,0
LF:7
LH:2
end_of_record
TN:
SF:src/utils/log-level.ts
FNF:3
FNH:3
DA:1,45
DA:5,33
DA:6,26
DA:7,12
DA:8,11
DA:9,11
DA:10,10
DA:11,2
DA:12,65
DA:14,46
DA:15,50
DA:16,48
DA:17,108
DA:18,17
DA:19,0
DA:20,1
DA:23,39
DA:24,21
DA:25,108
DA:26,8
DA:27,2
DA:30,33
DA:31,65
LF:23
LH:22
end_of_record
TN:
SF:src/utils/logger.ts
FNF:12
FNH:7
DA:9,65
DA:22,0
DA:23,0
DA:24,0
DA:25,0
DA:26,0
DA:27,0
DA:28,0
DA:29,0
DA:30,0
DA:34,42
DA:35,23
DA:36,106
DA:37,35
DA:38,35
DA:39,37
DA:40,32
DA:41,25
DA:42,0
DA:43,0
DA:44,2
DA:45,35
DA:46,22
DA:47,27
DA:48,15
DA:49,0
DA:50,0
DA:51,4
DA:52,18
DA:53,19
DA:54,47
DA:55,0
DA:56,4
DA:57,21
DA:58,10
DA:59,0
DA:60,0
DA:63,1
DA:64,7
DA:65,12
DA:66,10
DA:67,9
DA:68,8
DA:69,3
DA:70,20
DA:71,33
DA:72,10
DA:73,23
DA:74,15
DA:75,25
DA:76,4
DA:78,17
DA:80,55
DA:81,18
DA:82,0
DA:83,0
DA:84,4
DA:85,37
DA:86,2
DA:88,13
DA:91,1
DA:92,7
DA:93,12
DA:94,10
DA:95,9
DA:96,8
DA:97,3
DA:98,52
DA:99,75
DA:100,38
DA:101,47
DA:102,36
DA:103,6
DA:104,2
DA:105,34
DA:108,36
DA:109,45
DA:110,63
DA:113,11
DA:114,0
DA:115,4
DA:117,0
DA:118,4
DA:120,25
DA:121,38
DA:123,25
DA:124,38
DA:126,0
DA:127,2
DA:129,1
LF:90
LH:69
end_of_record
TN:
SF:test/helpers.ts
FNF:9
FNH:8
DA:11,57
DA:12,33
DA:13,33
DA:24,27
DA:27,34
DA:28,51
DA:29,25
DA:30,36
DA:31,34
DA:32,40
DA:33,39
DA:34,12
DA:35,9
DA:36,14
DA:37,10
DA:38,9
DA:39,21
DA:40,53
DA:42,2
DA:46,11
DA:47,26
DA:48,63
DA:49,2
DA:50,23
DA:53,28
DA:54,25
DA:55,2
DA:57,34
DA:58,48
DA:59,40
DA:60,38
DA:61,63
DA:62,26
DA:63,1
DA:70,15
DA:71,26
DA:72,12
DA:73,19
DA:74,4
DA:76,22
DA:77,58
DA:78,37
DA:79,56
DA:80,36
DA:81,2
DA:83,17
DA:84,59
DA:85,60
DA:86,40
DA:87,4
DA:88,68
DA:89,29
DA:90,3
DA:95,6
DA:96,8
DA:97,6
DA:98,4
DA:99,3
DA:100,48
DA:101,28
DA:102,42
DA:103,34
DA:104,35
DA:105,6
DA:106,5
DA:108,9
DA:109,36
DA:110,5
DA:111,14
DA:112,23
DA:117,21
DA:118,75
DA:119,40
DA:123,0
DA:124,0
DA:125,0
DA:126,0
DA:127,0
DA:128,0
LF:79
LH:73
end_of_record
