TN:
SF:src/core/config-store.ts
FNF:2
FNH:2
DA:10,65
DA:11,36
DA:20,19
DA:21,9
DA:22,48
DA:23,35
DA:24,59
DA:25,0
DA:28,1
DA:38,27
DA:39,52
DA:40,47
DA:41,45
LF:13
LH:12
end_of_record
TN:
SF:src/core/config.ts
FNF:25
FNH:25
DA:23,36
DA:24,37
DA:25,39
DA:26,68
DA:27,50
DA:28,77
DA:33,32
DA:34,26
DA:35,28
DA:36,21
DA:37,23
DA:38,34
DA:39,19
DA:40,21
DA:41,25
DA:42,18
DA:43,36
DA:44,29
DA:45,26
DA:46,19
DA:47,23
DA:48,22
DA:49,20
DA:50,22
DA:51,19
DA:52,24
DA:53,23
DA:54,27
DA:55,27
DA:56,27
DA:57,31
DA:58,28
DA:59,32
DA:60,34
DA:61,23
DA:62,31
DA:63,31
DA:64,27
DA:65,34
DA:66,37
DA:67,32
DA:68,40
DA:69,41
DA:70,21
DA:71,12
DA:72,2
DA:79,18
DA:80,28
DA:81,30
DA:82,72
DA:83,2
DA:84,6
DA:88,18
DA:89,28
DA:90,30
DA:91,65
DA:92,53
DA:93,41
DA:94,46
DA:95,2
DA:96,2
DA:97,6
DA:101,18
DA:102,28
DA:103,30
DA:104,40
DA:105,39
DA:106,53
DA:107,45
DA:108,69
DA:109,65
DA:110,2
DA:111,2
DA:112,7
DA:128,53
DA:129,23
DA:130,33
DA:131,26
DA:132,77
DA:133,3
DA:136,11
DA:137,29
DA:146,83
DA:148,95
DA:150,92
DA:156,94
DA:157,93
DA:159,94
DA:166,83
DA:167,56
DA:170,22
DA:171,68
DA:172,2
DA:173,13
DA:174,23
DA:175,70
DA:176,2
DA:177,13
DA:178,18
DA:179,60
DA:180,2
DA:181,13
DA:182,17
DA:183,58
DA:184,16
DA:185,1
DA:188,99
DA:189,95
DA:190,79
DA:191,76
DA:192,85
DA:193,108
DA:194,58
DA:195,18
DA:196,19
DA:197,14
DA:198,15
DA:199,9
DA:200,17
DA:201,3
DA:202,60
DA:203,20
DA:204,21
DA:205,16
DA:206,17
DA:207,11
DA:208,19
DA:209,3
DA:210,48
DA:211,13
DA:212,14
DA:213,9
DA:214,19
DA:215,3
DA:216,50
DA:217,15
DA:218,16
DA:219,11
DA:220,21
DA:221,3
DA:222,60
DA:223,25
DA:224,27
DA:225,17
DA:226,19
DA:227,21
DA:228,22
DA:229,32
DA:230,3
DA:231,52
DA:232,15
DA:233,16
DA:234,18
DA:235,20
DA:236,27
DA:237,21
DA:238,3
DA:239,52
DA:240,15
DA:241,16
DA:242,18
DA:243,20
DA:244,25
DA:245,3
DA:246,52
DA:247,15
DA:248,16
DA:249,18
DA:250,20
DA:251,25
DA:252,3
DA:253,56
DA:254,19
DA:255,20
DA:256,22
DA:257,24
DA:258,31
DA:259,25
DA:260,3
DA:261,53
DA:262,16
DA:263,17
DA:264,19
DA:265,21
DA:266,26
DA:267,3
DA:268,50
DA:269,15
DA:270,16
DA:271,21
DA:272,3
DA:278,39
DA:281,22
DA:282,62
DA:283,62
DA:284,31
DA:285,75
DA:286,2
DA:289,61
DA:290,65
DA:291,59
DA:292,81
DA:293,51
DA:305,46
DA:306,21
DA:307,32
DA:308,30
DA:309,25
DA:310,23
DA:311,23
DA:312,2
DA:313,3
DA:316,11
DA:317,22
DA:330,45
DA:331,15
DA:332,37
DA:333,35
DA:334,30
DA:335,28
DA:336,23
DA:337,11
DA:338,17
DA:339,39
DA:340,37
DA:341,32
DA:342,30
DA:343,25
DA:344,5
DA:345,10
DA:346,32
DA:347,30
DA:348,18
DA:349,5
DA:350,12
DA:351,34
DA:352,32
DA:353,20
DA:354,5
DA:355,22
DA:356,45
DA:357,43
DA:358,30
DA:359,3
DA:360,3
DA:363,11
DA:364,23
DA:368,58
DA:371,62
DA:374,48
DA:377,52
DA:380,73
DA:393,52
DA:394,20
DA:395,36
DA:396,34
DA:397,29
DA:398,27
DA:399,11
DA:400,2
DA:401,4
DA:402,30
DA:403,47
DA:404,45
DA:405,40
DA:406,38
DA:407,5
DA:408,2
DA:409,2
DA:410,3
DA:413,11
DA:414,28
DA:421,38
DA:424,17
DA:425,46
DA:426,48
DA:427,28
DA:428,32
DA:429,26
DA:430,22
DA:431,6
DA:432,40
DA:433,33
DA:434,4
DA:435,2
DA:436,2
DA:437,6
DA:441,21
DA:442,16
DA:443,37
DA:444,38
DA:451,73
DA:452,48
DA:453,42
DA:454,86
DA:455,58
DA:456,50
DA:457,48
DA:469,49
DA:470,46
DA:471,65
DA:472,69
DA:473,9
DA:474,20
DA:475,35
DA:476,34
DA:477,17
DA:478,0
DA:479,0
DA:480,0
DA:481,0
DA:482,0
DA:483,0
DA:486,6
DA:487,24
DA:502,0
DA:503,0
DA:504,0
DA:505,0
DA:506,0
DA:507,0
DA:510,0
DA:511,0
DA:512,0
DA:513,0
DA:514,0
DA:515,0
DA:516,0
DA:517,0
DA:518,0
DA:519,29
DA:520,2
DA:521,4
DA:522,21
DA:523,38
DA:524,37
DA:525,64
DA:526,2
DA:527,4
DA:528,16
DA:529,38
DA:530,42
DA:531,36
DA:532,40
DA:533,27
DA:534,5
DA:535,14
DA:536,39
DA:537,37
DA:538,24
DA:539,17
DA:540,16
DA:541,72
DA:542,61
DA:543,55
DA:544,3
DA:547,11
DA:548,26
DA:564,117
DA:565,124
DA:566,133
DA:569,53
DA:570,9
DA:571,29
DA:572,77
DA:573,53
DA:574,11
DA:575,31
DA:576,80
DA:577,56
DA:578,21
DA:579,27
DA:580,83
DA:581,59
DA:582,14
DA:583,83
DA:584,43
DA:585,5
DA:586,15
DA:587,100
DA:588,52
DA:589,3
DA:590,3
DA:593,11
DA:594,29
DA:598,58
DA:600,58
DA:601,21
DA:602,24
DA:603,29
DA:604,3
DA:605,60
DA:606,22
DA:607,24
DA:608,29
DA:609,3
DA:618,24
DA:619,126
DA:620,29
DA:621,36
DA:624,54
DA:625,30
DA:626,47
DA:627,12
DA:628,129
DA:629,30
DA:630,39
DA:631,3
DA:634,11
DA:635,29
DA:643,9
DA:644,50
DA:653,44
DA:654,94
DA:655,3
DA:658,11
DA:659,22
DA:667,15
DA:668,58
DA:669,49
DA:670,112
DA:674,17
DA:675,50
DA:676,53
DA:680,15
DA:681,41
DA:682,39
DA:686,17
DA:687,45
DA:688,43
DA:692,21
DA:693,59
DA:694,64
DA:704,17
DA:705,37
DA:707,52
DA:708,12
DA:709,46
DA:710,17
DA:711,2
DA:712,22
DA:713,17
DA:714,18
DA:715,20
DA:716,22
DA:717,29
DA:718,22
DA:719,4
DA:721,32
DA:722,18
DA:723,2
DA:725,14
DA:726,24
DA:727,2
DA:729,37
DA:730,19
DA:731,11
DA:732,22
DA:735,46
DA:737,39
DA:738,14
DA:739,44
DA:740,11
DA:741,46
DA:744,37
DA:758,50
DA:759,85
DA:760,28
DA:761,72
DA:762,2
DA:763,2
DA:764,3
DA:767,11
DA:768,26
DA:781,47
DA:782,13
DA:783,30
DA:784,28
DA:785,37
DA:786,35
DA:787,23
DA:788,3
DA:789,3
DA:792,11
DA:793,23
DA:810,47
DA:811,99
DA:812,95
DA:813,89
DA:814,19
DA:815,95
DA:816,0
DA:817,0
DA:818,0
DA:819,0
DA:822,6
DA:823,22
LF:497
LH:472
end_of_record
TN:
SF:src/core/env.ts
FNF:1
FNH:1
DA:9,39
DA:10,33
DA:24,15
DA:25,46
DA:26,14
DA:27,9
DA:28,44
DA:29,11
DA:30,9
DA:32,0
DA:33,0
DA:34,0
DA:35,0
DA:36,0
DA:37,0
DA:38,0
DA:39,0
DA:40,0
DA:41,0
DA:43,0
DA:44,0
DA:45,0
DA:46,0
DA:47,0
DA:48,0
LF:25
LH:9
end_of_record
TN:
SF:src/utils/log-level.ts
FNF:3
FNH:3
DA:1,45
DA:5,33
DA:6,26
DA:7,12
DA:8,11
DA:9,11
DA:10,10
DA:11,2
DA:12,65
DA:14,46
DA:15,50
DA:16,48
DA:17,108
DA:18,17
DA:19,0
DA:20,1
DA:23,39
DA:24,21
DA:25,108
DA:26,8
DA:27,2
DA:30,33
DA:31,65
LF:23
LH:22
end_of_record
TN:
SF:src/utils/logger.ts
FNF:12
FNH:6
DA:9,65
DA:22,0
DA:23,0
DA:24,0
DA:25,0
DA:26,0
DA:27,0
DA:28,0
DA:29,0
DA:30,0
DA:34,42
DA:35,23
DA:36,106
DA:37,35
DA:38,35
DA:39,37
DA:40,32
DA:41,25
DA:42,0
DA:43,0
DA:44,2
DA:45,35
DA:46,22
DA:47,27
DA:48,15
DA:49,0
DA:50,0
DA:51,4
DA:52,18
DA:53,19
DA:54,47
DA:55,0
DA:56,4
DA:57,21
DA:58,10
DA:59,0
DA:60,0
DA:63,1
DA:64,7
DA:65,12
DA:66,10
DA:67,9
DA:68,8
DA:69,3
DA:70,20
DA:71,33
DA:72,10
DA:73,23
DA:74,15
DA:75,25
DA:76,4
DA:78,17
DA:80,55
DA:81,18
DA:82,0
DA:83,0
DA:84,4
DA:85,37
DA:86,2
DA:88,13
DA:91,1
DA:92,7
DA:93,12
DA:94,10
DA:95,9
DA:96,8
DA:97,3
DA:98,52
DA:99,75
DA:100,38
DA:101,47
DA:102,36
DA:103,6
DA:104,0
DA:105,1
DA:108,36
DA:109,45
DA:110,63
DA:113,11
DA:114,0
DA:115,4
DA:117,0
DA:118,4
DA:120,0
DA:121,4
DA:123,25
DA:124,38
DA:126,0
DA:127,2
DA:129,1
LF:90
LH:67
end_of_record
TN:
SF:test/helpers.ts
FNF:9
FNH:8
DA:11,57
DA:12,33
DA:13,33
DA:24,27
DA:27,34
DA:28,51
DA:29,25
DA:30,36
DA:31,34
DA:32,40
DA:33,39
DA:34,12
DA:35,9
DA:36,14
DA:37,10
DA:38,9
DA:39,21
DA:40,53
DA:42,2
DA:46,11
DA:47,26
DA:48,63
DA:49,2
DA:50,23
DA:53,28
DA:54,25
DA:55,2
DA:57,34
DA:58,48
DA:59,40
DA:60,38
DA:61,63
DA:62,26
DA:63,1
DA:70,15
DA:71,26
DA:72,12
DA:73,19
DA:74,4
DA:76,22
DA:77,58
DA:78,37
DA:79,56
DA:80,36
DA:81,2
DA:83,17
DA:84,59
DA:85,60
DA:86,40
DA:87,4
DA:88,68
DA:89,29
DA:90,3
DA:95,6
DA:96,8
DA:97,6
DA:98,4
DA:99,3
DA:100,48
DA:101,28
DA:102,42
DA:103,34
DA:104,35
DA:105,6
DA:106,5
DA:108,9
DA:109,36
DA:110,5
DA:111,14
DA:112,23
DA:117,21
DA:118,75
DA:119,40
DA:123,0
DA:124,0
DA:125,0
DA:126,0
DA:127,0
DA:128,0
LF:79
LH:73
end_of_record
