TN:
SF:src/core/config-store.ts
FNF:2
FNH:1
DA:10,65
DA:11,36
DA:20,19
DA:21,9
DA:22,48
DA:23,35
DA:24,59
DA:25,0
DA:28,1
DA:38,0
DA:39,0
DA:40,0
LF:12
LH:8
end_of_record
TN:
SF:src/core/config.ts
FNF:13
FNH:7
DA:23,36
DA:24,37
DA:25,39
DA:26,68
DA:27,50
DA:28,77
DA:33,32
DA:34,26
DA:35,28
DA:36,21
DA:37,23
DA:38,34
DA:39,19
DA:40,21
DA:41,25
DA:42,18
DA:43,36
DA:44,29
DA:45,26
DA:46,19
DA:47,23
DA:48,22
DA:49,20
DA:50,22
DA:51,19
DA:52,24
DA:53,23
DA:54,27
DA:55,27
DA:56,27
DA:57,31
DA:58,28
DA:59,32
DA:60,34
DA:61,23
DA:62,31
DA:63,31
DA:64,27
DA:65,34
DA:66,37
DA:67,32
DA:68,40
DA:69,41
DA:70,21
DA:71,12
DA:72,2
DA:79,18
DA:80,28
DA:81,30
DA:82,72
DA:83,2
DA:84,6
DA:88,18
DA:89,28
DA:90,30
DA:91,65
DA:92,53
DA:93,41
DA:94,46
DA:95,2
DA:96,2
DA:97,6
DA:101,18
DA:102,28
DA:103,30
DA:104,40
DA:105,39
DA:106,53
DA:107,45
DA:108,69
DA:109,65
DA:110,2
DA:111,2
DA:112,7
DA:120,34
DA:122,45
DA:130,83
DA:132,95
DA:134,92
DA:140,94
DA:141,93
DA:143,94
DA:150,83
DA:151,56
DA:154,22
DA:155,68
DA:156,2
DA:157,13
DA:158,23
DA:159,70
DA:160,2
DA:161,13
DA:162,18
DA:163,60
DA:164,2
DA:165,13
DA:166,17
DA:167,58
DA:168,16
DA:169,1
DA:172,99
DA:173,95
DA:174,79
DA:175,76
DA:176,85
DA:177,108
DA:178,58
DA:179,18
DA:180,19
DA:181,14
DA:182,15
DA:183,9
DA:184,17
DA:185,3
DA:186,60
DA:187,20
DA:188,21
DA:189,16
DA:190,17
DA:191,11
DA:192,19
DA:193,3
DA:194,48
DA:195,13
DA:196,14
DA:197,9
DA:198,19
DA:199,3
DA:200,50
DA:201,15
DA:202,16
DA:203,11
DA:204,21
DA:205,3
DA:206,60
DA:207,25
DA:208,27
DA:209,17
DA:210,19
DA:211,21
DA:212,22
DA:213,32
DA:214,3
DA:215,52
DA:216,15
DA:217,16
DA:218,18
DA:219,20
DA:220,27
DA:221,21
DA:222,3
DA:223,52
DA:224,15
DA:225,16
DA:226,18
DA:227,20
DA:228,25
DA:229,3
DA:230,52
DA:231,15
DA:232,16
DA:233,18
DA:234,20
DA:235,25
DA:236,3
DA:237,56
DA:238,19
DA:239,20
DA:240,22
DA:241,24
DA:242,31
DA:243,25
DA:244,3
DA:245,53
DA:246,16
DA:247,17
DA:248,19
DA:249,21
DA:250,26
DA:251,3
DA:252,50
DA:253,15
DA:254,16
DA:255,21
DA:256,3
DA:262,39
DA:265,22
DA:266,62
DA:267,62
DA:268,31
DA:269,75
DA:270,2
DA:273,61
DA:274,65
DA:275,59
DA:276,81
DA:277,51
DA:284,38
DA:285,32
DA:286,30
DA:287,25
DA:288,23
DA:289,23
DA:290,3
DA:293,27
DA:294,37
DA:295,35
DA:296,30
DA:297,28
DA:298,23
DA:299,10
DA:302,29
DA:303,39
DA:304,37
DA:305,32
DA:306,30
DA:307,25
DA:308,4
DA:311,22
DA:312,32
DA:313,30
DA:314,18
DA:315,4
DA:318,24
DA:319,34
DA:320,32
DA:321,20
DA:322,4
DA:325,35
DA:326,45
DA:327,43
DA:328,30
DA:329,4
DA:336,37
DA:337,36
DA:338,34
DA:339,29
DA:340,27
DA:341,11
DA:342,2
DA:343,3
DA:346,48
DA:347,47
DA:348,45
DA:349,40
DA:350,38
DA:351,5
DA:352,2
DA:353,3
DA:356,38
DA:362,38
DA:365,17
DA:366,46
DA:367,48
DA:368,28
DA:369,32
DA:370,26
DA:371,22
DA:372,6
DA:373,40
DA:374,33
DA:375,4
DA:376,2
DA:377,2
DA:378,6
DA:382,21
DA:383,16
DA:384,37
DA:385,38
DA:392,73
DA:393,48
DA:394,42
DA:395,86
DA:396,58
DA:397,50
DA:398,48
DA:401,62
DA:403,81
DA:405,86
DA:408,27
DA:409,20
DA:410,35
DA:411,34
DA:412,23
DA:414,26
DA:415,19
DA:416,34
DA:417,33
DA:418,23
DA:421,28
DA:422,38
DA:423,36
DA:424,23
DA:425,4
DA:427,39
DA:428,38
DA:429,37
DA:430,64
DA:431,2
DA:432,3
DA:434,39
DA:435,38
DA:436,37
DA:437,64
DA:438,2
DA:439,3
DA:441,34
DA:442,38
DA:443,42
DA:444,36
DA:445,40
DA:446,27
DA:447,4
DA:450,32
DA:451,39
DA:452,37
DA:453,24
DA:454,17
DA:455,15
DA:457,108
DA:458,190
DA:460,89
DA:462,104
DA:463,190
DA:465,75
DA:467,88
DA:468,100
DA:471,70
DA:477,120
DA:478,128
DA:479,136
DA:482,37
DA:483,32
DA:484,77
DA:485,52
DA:488,40
DA:489,35
DA:490,80
DA:491,55
DA:494,43
DA:495,30
DA:496,83
DA:497,58
DA:500,35
DA:501,83
DA:502,43
DA:503,4
DA:506,44
DA:507,100
DA:508,52
DA:509,4
DA:512,58
DA:514,58
DA:515,21
DA:516,24
DA:517,29
DA:518,3
DA:519,60
DA:520,22
DA:521,24
DA:522,29
DA:523,3
DA:526,34
DA:527,126
DA:528,29
DA:529,36
DA:532,72
DA:535,34
DA:536,127
DA:537,29
DA:538,38
DA:545,9
DA:546,50
DA:550,92
DA:553,91
DA:560,0
DA:561,0
DA:562,1
DA:566,0
DA:567,1
DA:571,0
DA:572,1
DA:576,0
DA:577,1
DA:581,0
DA:582,1
DA:592,0
DA:593,0
DA:594,0
DA:595,0
DA:596,0
DA:597,0
DA:598,0
DA:599,0
DA:600,0
DA:601,0
DA:602,0
DA:603,0
DA:604,0
DA:605,0
DA:606,0
DA:607,0
DA:608,0
DA:609,0
DA:610,0
DA:611,0
DA:612,0
DA:613,0
DA:614,0
DA:615,0
DA:616,0
DA:617,0
DA:618,0
DA:619,0
DA:620,0
DA:621,0
DA:622,0
DA:623,0
DA:624,0
DA:625,0
DA:626,0
DA:627,0
DA:628,0
DA:629,0
DA:630,0
DA:631,0
DA:632,1
DA:640,110
DA:642,55
DA:643,72
DA:644,2
DA:645,3
DA:652,29
DA:653,30
DA:654,28
DA:655,37
DA:656,35
DA:657,23
DA:658,4
DA:665,121
DA:667,117
DA:669,110
DA:671,41
DA:672,102
DA:673,2
DA:674,3
DA:676,105
LF:447
LH:401
end_of_record
TN:
SF:src/core/env.ts
FNF:1
FNH:1
DA:9,39
DA:10,33
DA:24,15
DA:25,46
DA:26,14
DA:27,9
DA:28,44
DA:29,11
DA:30,9
DA:32,0
DA:33,0
DA:34,0
DA:35,0
DA:36,0
DA:37,0
DA:38,0
DA:39,0
DA:40,0
DA:41,0
DA:43,0
DA:44,0
DA:45,0
DA:46,0
DA:47,0
DA:48,0
LF:25
LH:9
end_of_record
TN:
SF:src/utils/log-level.ts
FNF:3
FNH:3
DA:1,45
DA:5,33
DA:6,26
DA:7,12
DA:8,11
DA:9,11
DA:10,10
DA:11,2
DA:12,65
DA:14,46
DA:15,50
DA:16,48
DA:17,108
DA:18,17
DA:19,0
DA:20,1
DA:23,39
DA:24,21
DA:25,108
DA:26,8
DA:27,2
DA:30,33
DA:31,65
LF:23
LH:22
end_of_record
TN:
SF:src/utils/logger.ts
FNF:12
FNH:6
DA:9,65
DA:22,0
DA:23,0
DA:24,0
DA:25,0
DA:26,0
DA:27,0
DA:28,0
DA:29,0
DA:30,0
DA:34,42
DA:35,23
DA:36,106
DA:37,35
DA:38,35
DA:39,37
DA:40,32
DA:41,25
DA:42,0
DA:43,0
DA:44,2
DA:45,35
DA:46,22
DA:47,27
DA:48,15
DA:49,0
DA:50,0
DA:51,4
DA:52,18
DA:53,19
DA:54,47
DA:55,0
DA:56,4
DA:57,21
DA:58,10
DA:59,0
DA:60,0
DA:63,1
DA:64,7
DA:65,12
DA:66,10
DA:67,9
DA:68,8
DA:69,3
DA:70,20
DA:71,33
DA:72,10
DA:73,23
DA:74,15
DA:75,25
DA:76,4
DA:78,17
DA:80,55
DA:81,18
DA:82,0
DA:83,0
DA:84,4
DA:85,37
DA:86,2
DA:88,13
DA:91,1
DA:92,7
DA:93,12
DA:94,10
DA:95,9
DA:96,8
DA:97,3
DA:98,52
DA:99,75
DA:100,38
DA:101,47
DA:102,36
DA:103,6
DA:104,0
DA:105,1
DA:108,36
DA:109,45
DA:110,63
DA:113,11
DA:114,0
DA:115,4
DA:117,0
DA:118,4
DA:120,0
DA:121,4
DA:123,25
DA:124,38
DA:126,0
DA:127,2
DA:129,1
LF:90
LH:67
end_of_record
TN:
SF:test/helpers.ts
FNF:9
FNH:7
DA:11,57
DA:12,33
DA:13,33
DA:24,27
DA:27,34
DA:28,51
DA:29,25
DA:30,36
DA:31,34
DA:32,40
DA:33,39
DA:34,12
DA:35,9
DA:36,14
DA:37,10
DA:38,9
DA:39,21
DA:40,53
DA:42,2
DA:46,11
DA:47,26
DA:48,63
DA:49,2
DA:50,23
DA:53,28
DA:54,25
DA:55,2
DA:57,34
DA:58,48
DA:59,40
DA:60,38
DA:61,63
DA:62,26
DA:63,1
DA:70,15
DA:71,26
DA:72,12
DA:73,19
DA:74,4
DA:76,22
DA:77,58
DA:78,37
DA:79,56
DA:80,36
DA:81,2
DA:83,17
DA:84,59
DA:85,60
DA:86,40
DA:87,4
DA:88,68
DA:89,29
DA:90,3
DA:95,6
DA:96,8
DA:97,6
DA:98,4
DA:99,3
DA:100,48
DA:101,28
DA:102,42
DA:103,34
DA:104,35
DA:105,6
DA:106,5
DA:108,9
DA:109,36
DA:110,5
DA:111,14
DA:112,23
DA:117,0
DA:118,0
DA:119,1
DA:123,0
DA:124,0
DA:125,0
DA:126,0
DA:127,0
DA:128,0
LF:79
LH:71
end_of_record
